TN:
SF:src\components\index.js
FNF:0
FNH:0
LF:0
LH:0
BRF:0
BRH:0
end_of_record
TN:
SF:src\components\Heart\Heart.jsx
FN:4,Heart
FN:5,(anonymous_1)
FNF:2
FNH:2
FNDA:10,Heart
FNDA:3,(anonymous_1)
DA:5,10
DA:6,3
DA:9,10
LF:3
LH:3
BRDA:4,0,0,2
BRDA:4,1,0,3
BRDA:6,2,0,3
BRDA:6,2,1,3
BRDA:11,3,0,2
BRDA:11,3,1,8
BRF:6
BRH:6
end_of_record
TN:
SF:src\components\Heart\index.js
FNF:0
FNH:0
LF:0
LH:0
BRF:0
BRH:0
end_of_record
TN:
SF:src\components\List\List.jsx
FN:5,List
FN:6,(anonymous_1)
FN:10,(anonymous_2)
FN:14,(anonymous_3)
FNF:4
FNH:4
FNDA:4,List
FNDA:1,(anonymous_1)
FNDA:1,(anonymous_2)
FNDA:6,(anonymous_3)
DA:6,4
DA:7,1
DA:10,4
DA:11,1
DA:14,4
DA:15,6
DA:16,6
DA:27,4
LF:8
LH:8
BRDA:5,0,0,3
BRDA:5,1,0,1
BRDA:7,2,0,1
BRDA:7,2,1,1
BRDA:11,3,0,1
BRDA:11,3,1,1
BRF:6
BRH:6
end_of_record
TN:
SF:src\components\List\index.js
FNF:0
FNH:0
LF:0
LH:0
BRF:0
BRH:0
end_of_record
TN:
SF:src\components\ListItem\ListItem.jsx
FN:4,ListItem
FN:8,(anonymous_1)
FNF:2
FNH:2
FNDA:7,ListItem
FNDA:2,(anonymous_1)
DA:5,7
DA:6,7
DA:8,7
DA:9,2
DA:10,1
DA:12,1
DA:16,7
LF:7
LH:7
BRDA:4,0,0,1
BRDA:9,1,0,1
BRDA:9,1,1,1
BRDA:10,2,0,1
BRDA:10,2,1,1
BRDA:12,3,0,1
BRDA:12,3,1,1
BRF:7
BRH:7
end_of_record
TN:
SF:src\components\ListItem\index.js
FNF:0
FNH:0
LF:0
LH:0
BRF:0
BRH:0
end_of_record
